<?xml version="1.0" encoding="UTF-8"?>
<!-- Generated by org.testng.reporters.JUnitReportReporter -->
<testsuite hostname="HP" failures="0" tests="1" name="packageTwo.ClassDefiningDataDriverProperties" time="33.730" errors="0" timestamp="2020-04-16T21:10:06 IST" skipped="0">
  <testcase classname="packageTwo.ClassDefiningDataDriverProperties" name="firstTest" time="33.730"/>
  <system-out/>
</testsuite> <!-- packageTwo.ClassDefiningDataDriverProperties -->
