<?xml version="1.0" encoding="UTF-8"?>
<!-- Generated by org.testng.reporters.JUnitReportReporter -->
<testsuite hostname="HP" failures="0" tests="4" name="packageTwo.Movies" time="0.045" errors="0" timestamp="2020-04-16T04:20:30 IST" skipped="0">
  <testcase classname="packageTwo.Movies" name="comedyMovieSecond" time="0.005"/>
  <system-out/>
  <testcase classname="packageTwo.Movies" name="romanticMovieSecond" time="0.005"/>
  <system-out/>
  <testcase classname="packageTwo.Movies" name="romanticMovieFirst" time="0.022"/>
  <system-out/>
  <testcase classname="packageTwo.Movies" name="comedyMovieFirst" time="0.013"/>
  <system-out/>
</testsuite> <!-- packageTwo.Movies -->
