<?xml version="1.0" encoding="UTF-8"?>
<!-- Generated by org.testng.reporters.JUnitReportReporter -->
<testsuite hostname="HP" failures="0" tests="3" name="packageTwo.ClassUsingDataDriverPropertiesClass" time="122.139" errors="0" timestamp="2020-04-16T21:22:37 IST" skipped="0">
  <testcase classname="packageTwo.ClassUsingDataDriverPropertiesClass" name="test2" time="33.738"/>
  <system-out/>
  <testcase classname="packageTwo.ClassUsingDataDriverPropertiesClass" name="Login" time="44.729"/>
  <system-out/>
  <testcase classname="packageTwo.ClassUsingDataDriverPropertiesClass" name="test1" time="43.672"/>
  <system-out/>
</testsuite> <!-- packageTwo.ClassUsingDataDriverPropertiesClass -->
