<?xml version="1.0" encoding="UTF-8"?>
<!-- Generated by org.testng.reporters.JUnitReportReporter -->
<testsuite hostname="HP" failures="0" tests="4" name="packageTwo.Movies3" time="0.026" errors="0" timestamp="2020-04-16T04:20:30 IST" skipped="0">
  <testcase classname="packageTwo.Movies3" name="comedyMovieSecond" time="0.003"/>
  <system-out/>
  <testcase classname="packageTwo.Movies3" name="romanticMovieSecond" time="0.005"/>
  <system-out/>
  <testcase classname="packageTwo.Movies3" name="comedyMovieFirst" time="0.016"/>
  <system-out/>
  <testcase classname="packageTwo.Movies3" name="romanticMovieFirst" time="0.002"/>
  <system-out/>
</testsuite> <!-- packageTwo.Movies3 -->
