<?xml version="1.0" encoding="UTF-8"?>
<!-- Generated by org.testng.reporters.JUnitReportReporter -->
<testsuite hostname="HP" failures="0" tests="4" name="packageTwo.Movies2" time="0.010" errors="0" timestamp="2020-04-16T04:20:30 IST" skipped="0">
  <testcase classname="packageTwo.Movies2" name="actionMovieFirst" time="0.003"/>
  <system-out/>
  <testcase classname="packageTwo.Movies2" name="horrorMovieSecond" time="0.002"/>
  <system-out/>
  <testcase classname="packageTwo.Movies2" name="actionMovieSecond" time="0.003"/>
  <system-out/>
  <testcase classname="packageTwo.Movies2" name="horrorMovieFirst" time="0.002"/>
  <system-out/>
</testsuite> <!-- packageTwo.Movies2 -->
