<?xml version="1.0" encoding="UTF-8"?>
<!-- Generated by org.testng.reporters.JUnitReportReporter -->
<testsuite hostname="HP" failures="0" tests="2" name="packageOne.Daytwo" time="0.008" errors="0" timestamp="2020-04-15T23:45:41 IST" skipped="0">
  <testcase classname="packageOne.Daytwo" name="fourthTest" time="0.003"/>
  <system-out/>
  <testcase classname="packageOne.Daytwo" name="thirdTest" time="0.005"/>
  <system-out/>
</testsuite> <!-- packageOne.Daytwo -->
