<?xml version="1.0" encoding="UTF-8"?>
<!-- Generated by org.testng.reporters.JUnitReportReporter -->
<testsuite hostname="HP" failures="0" tests="4" name="packageTwo.Movies4" time="0.025" errors="0" timestamp="2020-04-16T02:12:56 IST" skipped="1">
  <testcase classname="packageTwo.Movies4" name="horrorMovie" time="0.015"/>
  <system-out/>
  <testcase classname="packageTwo.Movies4" name="comedyMovie" time="0.002"/>
  <system-out/>
  <testcase classname="packageTwo.Movies4" name="thrilerMovie" time="0.008"/>
  <system-out/>
  <testcase classname="packageTwo.Movies4" name="actionMovie">
    <skipped/>
  </testcase> <!-- actionMovie -->
  <system-out/>
</testsuite> <!-- packageTwo.Movies4 -->
