<?xml version="1.0" encoding="UTF-8"?>
<!-- Generated by org.testng.reporters.JUnitReportReporter -->
<testsuite hostname="HP" failures="0" tests="1" name="packageOne.FileUploadFileDownload" time="108.631" errors="0" timestamp="2020-04-19T03:25:15 IST" skipped="0">
  <testcase classname="packageOne.FileUploadFileDownload" name="fileUploadFileDownloadMethod" time="108.631"/>
  <system-out/>
</testsuite> <!-- packageOne.FileUploadFileDownload -->
