<?xml version="1.0" encoding="UTF-8"?>
<!-- Generated by org.testng.reporters.JUnitReportReporter -->
<testsuite hostname="HP" failures="0" tests="3" name="packageTwo.Movies8" time="0.025" errors="0" timestamp="2020-04-16T04:08:34 IST" skipped="0">
  <testcase classname="packageTwo.Movies8" name="horrorMovieEighthOne" time="0.006"/>
  <system-out/>
  <testcase classname="packageTwo.Movies8" name="horrorMovieEighthOne" time="0.013"/>
  <system-out/>
  <testcase classname="packageTwo.Movies8" name="horrorMovieEighthOne" time="0.006"/>
  <system-out/>
</testsuite> <!-- packageTwo.Movies8 -->
