<?xml version="1.0" encoding="UTF-8"?>
<!-- Generated by org.testng.reporters.JUnitReportReporter -->
<testsuite hostname="HP" failures="0" tests="3" name="packageOne.Dayone" time="73.121" errors="0" timestamp="2020-04-18T17:53:50 IST" skipped="0">
  <testcase classname="packageOne.Dayone" name="firstTest" time="0.058"/>
  <system-out/>
  <testcase classname="packageOne.Dayone" name="secondTest" time="0.003"/>
  <system-out/>
  <testcase classname="packageOne.Dayone" name="testIrctc" time="73.060"/>
  <system-out/>
</testsuite> <!-- packageOne.Dayone -->
