<?xml version="1.0" encoding="UTF-8"?>
<!-- Generated by org.testng.reporters.JUnitReportReporter -->
<testsuite hostname="HP" failures="0" tests="2" name="test.Dayone" time="0.029" errors="0" timestamp="2020-04-14T18:44:02 IST" skipped="0">
  <testcase classname="test.Dayone" name="firstTest" time="0.028"/>
  <system-out/>
  <testcase classname="test.Dayone" name="secondTest" time="0.001"/>
  <system-out/>
</testsuite> <!-- test.Dayone -->
