<?xml version="1.0" encoding="UTF-8"?>
<!-- Generated by org.testng.reporters.JUnitReportReporter -->
<testsuite hostname="HP" failures="0" tests="4" name="packageOne.Daythree" time="0.008" errors="0" timestamp="2020-04-16T00:41:48 IST" skipped="0">
  <testcase classname="packageOne.Daythree" name="sixthTestFirstHalf" time="0.003"/>
  <system-out/>
  <testcase classname="packageOne.Daythree" name="sixthTest" time="0.001"/>
  <system-out/>
  <testcase classname="packageOne.Daythree" name="fifthTest" time="0.002"/>
  <system-out/>
  <testcase classname="packageOne.Daythree" name="sixthTestSecondHalf" time="0.002"/>
  <system-out/>
</testsuite> <!-- packageOne.Daythree -->
